{"name":"AB007_C117954","status":"skipped","statusDetails":{"known":false,"muted":false,"flaky":false,"message":"Expected condition failed: waiting for element to be clickable: Located by By.chained({By.AccessibilityId: breadcrumb}) (tried for 10 second(s) with 500 milliseconds interval)\nBuild info: version: '3.14.0', revision: 'aacccce0', time: '2018-08-02T20:19:58.91Z'\nSystem info: host: 'Divijs-MBP.bose.com', ip: 'fe80:0:0:0:1820:8d55:58d4:64bd%en0', os.name: 'Mac OS X', os.arch: 'x86_64', os.version: '10.13.6', java.version: '1.8.0_192'\nDriver info: io.appium.java_client.ios.IOSDriver\nCapabilities {app: /Users/divijmothereddy/Desk..., automationName: XCUITest, browserName: , bundleId: com.bose.corporation.HypnoQ..., databaseEnabled: false, deviceName: Divij Mothe Reddy's iphone, javascriptEnabled: true, locationContextEnabled: false, networkConnectionEnabled: false, platform: MAC, platformName: iOS, platformVersion: 12.1.2, showIOSLog: true, takesScreenshot: true, udid: a4154dbae225f36cf960a12173c..., useNewWDA: true, wdaConnectionTimeout: 60000, wdaLaunchTimeout: 60000, webStorageEnabled: false, xcodeOrgId: QC9P7FKWH6, xcodeSigningId: iPhone Developer}\nSession ID: 054816f9-fc26-4001-bc93-f20ddb4b2f1b","trace":"org.openqa.selenium.TimeoutException: Expected condition failed: waiting for element to be clickable: Located by By.chained({By.AccessibilityId: breadcrumb}) (tried for 10 second(s) with 500 milliseconds interval)\nBuild info: version: '3.14.0', revision: 'aacccce0', time: '2018-08-02T20:19:58.91Z'\nSystem info: host: 'Divijs-MBP.bose.com', ip: 'fe80:0:0:0:1820:8d55:58d4:64bd%en0', os.name: 'Mac OS X', os.arch: 'x86_64', os.version: '10.13.6', java.version: '1.8.0_192'\nDriver info: io.appium.java_client.ios.IOSDriver\nCapabilities {app: /Users/divijmothereddy/Desk..., automationName: XCUITest, browserName: , bundleId: com.bose.corporation.HypnoQ..., databaseEnabled: false, deviceName: Divij Mothe Reddy's iphone, javascriptEnabled: true, locationContextEnabled: false, networkConnectionEnabled: false, platform: MAC, platformName: iOS, platformVersion: 12.1.2, showIOSLog: true, takesScreenshot: true, udid: a4154dbae225f36cf960a12173c..., useNewWDA: true, wdaConnectionTimeout: 60000, wdaLaunchTimeout: 60000, webStorageEnabled: false, xcodeOrgId: QC9P7FKWH6, xcodeSigningId: iPhone Developer}\nSession ID: 054816f9-fc26-4001-bc93-f20ddb4b2f1b\n\tat org.openqa.selenium.support.ui.WebDriverWait.timeoutException(WebDriverWait.java:113)\n\tat org.openqa.selenium.support.ui.FluentWait.until(FluentWait.java:283)\n\tat Com.Bose.Corporation.Base.CommomnFunctions.elementtoClick(CommomnFunctions.java:117)\n\tat Com.Bose.Corporation.PageObjects.About.AboutPage.tap_backtoAPP(AboutPage.java:301)\n\tat Com.Bose.Corporation.AndroidTestSuite.About.AboutPageTest.AB007_C117954(AboutPageTest.java:150)\n\tat sun.reflect.NativeMethodAccessorImpl.invoke0(Native Method)\n\tat sun.reflect.NativeMethodAccessorImpl.invoke(NativeMethodAccessorImpl.java:62)\n\tat sun.reflect.DelegatingMethodAccessorImpl.invoke(DelegatingMethodAccessorImpl.java:43)\n\tat java.lang.reflect.Method.invoke(Method.java:498)\n\tat org.testng.internal.MethodInvocationHelper.invokeMethod(MethodInvocationHelper.java:124)\n\tat org.testng.internal.Invoker.invokeMethod(Invoker.java:583)\n\tat org.testng.internal.Invoker.invokeTestMethod(Invoker.java:719)\n\tat org.testng.internal.Invoker.invokeTestMethods(Invoker.java:989)\n\tat org.testng.internal.TestMethodWorker.invokeTestMethods(TestMethodWorker.java:125)\n\tat org.testng.internal.TestMethodWorker.run(TestMethodWorker.java:109)\n\tat org.testng.TestRunner.privateRun(TestRunner.java:648)\n\tat org.testng.TestRunner.run(TestRunner.java:505)\n\tat org.testng.SuiteRunner.runTest(SuiteRunner.java:455)\n\tat org.testng.SuiteRunner.runSequentially(SuiteRunner.java:450)\n\tat org.testng.SuiteRunner.privateRun(SuiteRunner.java:415)\n\tat org.testng.SuiteRunner.run(SuiteRunner.java:364)\n\tat org.testng.SuiteRunnerWorker.runSuite(SuiteRunnerWorker.java:52)\n\tat org.testng.SuiteRunnerWorker.run(SuiteRunnerWorker.java:84)\n\tat org.testng.TestNG.runSuitesSequentially(TestNG.java:1208)\n\tat org.testng.TestNG.runSuitesLocally(TestNG.java:1137)\n\tat org.testng.TestNG.runSuites(TestNG.java:1049)\n\tat org.testng.TestNG.run(TestNG.java:1017)\n\tat org.testng.IDEARemoteTestNG.run(IDEARemoteTestNG.java:73)\n\tat org.testng.RemoteTestNGStarter.main(RemoteTestNGStarter.java:123)\n"},"stage":"finished","description":"Tap on the Back button to navigate to Hypno About list from Bose.com","steps":[{"name":"tap_checkBox","status":"passed","stage":"finished","steps":[],"attachments":[],"parameters":[],"start":1552490022445,"stop":1552490026777},{"name":"tap_Agree","status":"passed","stage":"finished","steps":[],"attachments":[],"parameters":[],"start":1552490026777,"stop":1552490027781},{"name":"connectSleepbuds","status":"passed","stage":"finished","steps":[],"attachments":[],"parameters":[],"start":1552490032997,"stop":1552490053797},{"name":"tap_startLearning","status":"passed","stage":"finished","steps":[],"attachments":[],"parameters":[],"start":1552490053797,"stop":1552490062272},{"name":"tap_Next","status":"passed","stage":"finished","steps":[],"attachments":[],"parameters":[],"start":1552490119641,"stop":1552490120812},{"name":"tap_Next","status":"passed","stage":"finished","steps":[],"attachments":[],"parameters":[],"start":1552490145328,"stop":1552490146565},{"name":"tap_IUnderstand","status":"passed","stage":"finished","steps":[],"attachments":[],"parameters":[],"start":1552490146565,"stop":1552490147795},{"name":"tap_gotIt","status":"passed","stage":"finished","steps":[],"attachments":[],"parameters":[],"start":1552490147795,"stop":1552490149229},{"name":"clickAboutIcon","status":"passed","stage":"finished","steps":[],"attachments":[],"parameters":[],"start":1552490164166,"stop":1552490175288},{"name":"clickBosedotcom","status":"passed","stage":"finished","steps":[],"attachments":[],"parameters":[],"start":1552490175292,"stop":1552490183364},{"name":"tap_backtoAPP","status":"broken","statusDetails":{"known":false,"muted":false,"flaky":false,"message":"Expected condition failed: waiting for element to be clickable: Located by By.chained({By.AccessibilityId: breadcrumb}) (tried for 10 second(s) with 500 milliseconds interval)\nBuild info: version: '3.14.0', revision: 'aacccce0', time: '2018-08-02T20:19:58.91Z'\nSystem info: host: 'Divijs-MBP.bose.com', ip: 'fe80:0:0:0:1820:8d55:58d4:64bd%en0', os.name: 'Mac OS X', os.arch: 'x86_64', os.version: '10.13.6', java.version: '1.8.0_192'\nDriver info: io.appium.java_client.ios.IOSDriver\nCapabilities {app: /Users/divijmothereddy/Desk..., automationName: XCUITest, browserName: , bundleId: com.bose.corporation.HypnoQ..., databaseEnabled: false, deviceName: Divij Mothe Reddy's iphone, javascriptEnabled: true, locationContextEnabled: false, networkConnectionEnabled: false, platform: MAC, platformName: iOS, platformVersion: 12.1.2, showIOSLog: true, takesScreenshot: true, udid: a4154dbae225f36cf960a12173c..., useNewWDA: true, wdaConnectionTimeout: 60000, wdaLaunchTimeout: 60000, webStorageEnabled: false, xcodeOrgId: QC9P7FKWH6, xcodeSigningId: iPhone Developer}\nSession ID: 054816f9-fc26-4001-bc93-f20ddb4b2f1b","trace":"org.openqa.selenium.TimeoutException: Expected condition failed: waiting for element to be clickable: Located by By.chained({By.AccessibilityId: breadcrumb}) (tried for 10 second(s) with 500 milliseconds interval)\nBuild info: version: '3.14.0', revision: 'aacccce0', time: '2018-08-02T20:19:58.91Z'\nSystem info: host: 'Divijs-MBP.bose.com', ip: 'fe80:0:0:0:1820:8d55:58d4:64bd%en0', os.name: 'Mac OS X', os.arch: 'x86_64', os.version: '10.13.6', java.version: '1.8.0_192'\nDriver info: io.appium.java_client.ios.IOSDriver\nCapabilities {app: /Users/divijmothereddy/Desk..., automationName: XCUITest, browserName: , bundleId: com.bose.corporation.HypnoQ..., databaseEnabled: false, deviceName: Divij Mothe Reddy's iphone, javascriptEnabled: true, locationContextEnabled: false, networkConnectionEnabled: false, platform: MAC, platformName: iOS, platformVersion: 12.1.2, showIOSLog: true, takesScreenshot: true, udid: a4154dbae225f36cf960a12173c..., useNewWDA: true, wdaConnectionTimeout: 60000, wdaLaunchTimeout: 60000, webStorageEnabled: false, xcodeOrgId: QC9P7FKWH6, xcodeSigningId: iPhone Developer}\nSession ID: 054816f9-fc26-4001-bc93-f20ddb4b2f1b\n\tat org.openqa.selenium.support.ui.WebDriverWait.timeoutException(WebDriverWait.java:113)\n\tat org.openqa.selenium.support.ui.FluentWait.until(FluentWait.java:283)\n\tat Com.Bose.Corporation.Base.CommomnFunctions.elementtoClick(CommomnFunctions.java:117)\n\tat Com.Bose.Corporation.PageObjects.About.AboutPage.tap_backtoAPP(AboutPage.java:301)\n\tat Com.Bose.Corporation.AndroidTestSuite.About.AboutPageTest.AB007_C117954(AboutPageTest.java:150)\n\tat sun.reflect.NativeMethodAccessorImpl.invoke0(Native Method)\n\tat sun.reflect.NativeMethodAccessorImpl.invoke(NativeMethodAccessorImpl.java:62)\n\tat sun.reflect.DelegatingMethodAccessorImpl.invoke(DelegatingMethodAccessorImpl.java:43)\n\tat java.lang.reflect.Method.invoke(Method.java:498)\n\tat org.testng.internal.MethodInvocationHelper.invokeMethod(MethodInvocationHelper.java:124)\n\tat org.testng.internal.Invoker.invokeMethod(Invoker.java:583)\n\tat org.testng.internal.Invoker.invokeTestMethod(Invoker.java:719)\n\tat org.testng.internal.Invoker.invokeTestMethods(Invoker.java:989)\n\tat org.testng.internal.TestMethodWorker.invokeTestMethods(TestMethodWorker.java:125)\n\tat org.testng.internal.TestMethodWorker.run(TestMethodWorker.java:109)\n\tat org.testng.TestRunner.privateRun(TestRunner.java:648)\n\tat org.testng.TestRunner.run(TestRunner.java:505)\n\tat org.testng.SuiteRunner.runTest(SuiteRunner.java:455)\n\tat org.testng.SuiteRunner.runSequentially(SuiteRunner.java:450)\n\tat org.testng.SuiteRunner.privateRun(SuiteRunner.java:415)\n\tat org.testng.SuiteRunner.run(SuiteRunner.java:364)\n\tat org.testng.SuiteRunnerWorker.runSuite(SuiteRunnerWorker.java:52)\n\tat org.testng.SuiteRunnerWorker.run(SuiteRunnerWorker.java:84)\n\tat org.testng.TestNG.runSuitesSequentially(TestNG.java:1208)\n\tat org.testng.TestNG.runSuitesLocally(TestNG.java:1137)\n\tat org.testng.TestNG.runSuites(TestNG.java:1049)\n\tat org.testng.TestNG.run(TestNG.java:1017)\n\tat org.testng.IDEARemoteTestNG.run(IDEARemoteTestNG.java:73)\n\tat org.testng.RemoteTestNGStarter.main(RemoteTestNGStarter.java:123)\n"},"stage":"finished","steps":[],"attachments":[],"parameters":[],"start":1552490183367,"stop":1552490193792}],"attachments":[{"name":"Page Screenshot","source":"a4c75ea6-47d9-4ea0-b5ab-d61e4294d92a-attachment","type":"image/png"},{"name":"(0)","source":"638afadf-85a7-4066-be27-f0fcfca324d1-attachment","type":"text/plain"},{"name":"Page Screenshot","source":"6edb47e4-7480-4bf8-868a-f752667961f3-attachment","type":"image/png"},{"name":"(0)","source":"eb631c24-cdad-4100-8fbc-2301bd319d7f-attachment","type":"text/plain"}],"parameters":[],"start":1552490022445,"stop":1552490197686,"uuid":"06108af6-c017-49f5-85d7-efa365b01f63","historyId":"848152afe8569e8f4c678d9b38e98bdc","fullName":"Com.Bose.Corporation.AndroidTestSuite.About.AboutPageTest.AB007_C117954","labels":[{"name":"package","value":"Com.Bose.Corporation.AndroidTestSuite.About.AboutPageTest"},{"name":"testClass","value":"Com.Bose.Corporation.AndroidTestSuite.About.AboutPageTest"},{"name":"testMethod","value":"AB007_C117954"},{"name":"parentSuite","value":" Ios Regression Suite"},{"name":"suite","value":"AboutPageTest"},{"name":"subSuite","value":"Com.Bose.Corporation.AndroidTestSuite.About.AboutPageTest"},{"name":"host","value":"Divijs-MBP.bose.com"},{"name":"thread","value":"75425@Divijs-MBP.bose.com.main(1)"},{"name":"framework","value":"testng"},{"name":"language","value":"java"},{"name":"feature","value":"AboutPage Test"}],"links":[]}