{"name":"Navigating to settings page and validation","status":"skipped","statusDetails":{"known":false,"muted":false,"flaky":false,"message":"Can't locate an element by this strategy: By.chained({By.id: com.bose.corporation.hypno.qa:id/product_info_container})","trace":"org.openqa.selenium.NoSuchElementException: Can't locate an element by this strategy: By.chained({By.id: com.bose.corporation.hypno.qa:id/product_info_container})\n\tat io.appium.java_client.pagefactory.AppiumElementLocator.findElement(AppiumElementLocator.java:126)\n\tat io.appium.java_client.pagefactory.interceptors.InterceptorOfASingleElement.intercept(InterceptorOfASingleElement.java:60)\n\tat io.appium.java_client.android.AndroidElement$$EnhancerByCGLIB$$b598166c.getText(<generated>)\n\tat Com.Bose.Corporation.PageObjects.Settings.SettingsPage.Settings_Test(SettingsPage.java:185)\n\tat Com.Bose.Corporation.AndroidTestSuite.Settings.SettingsPageTest.TC_Settings_C116985(SettingsPageTest.java:49)\n\tat sun.reflect.NativeMethodAccessorImpl.invoke0(Native Method)\n\tat sun.reflect.NativeMethodAccessorImpl.invoke(NativeMethodAccessorImpl.java:62)\n\tat sun.reflect.DelegatingMethodAccessorImpl.invoke(DelegatingMethodAccessorImpl.java:43)\n\tat java.lang.reflect.Method.invoke(Method.java:498)\n\tat org.testng.internal.MethodInvocationHelper.invokeMethod(MethodInvocationHelper.java:124)\n\tat org.testng.internal.Invoker.invokeMethod(Invoker.java:583)\n\tat org.testng.internal.Invoker.invokeTestMethod(Invoker.java:719)\n\tat org.testng.internal.Invoker.invokeTestMethods(Invoker.java:989)\n\tat org.testng.internal.TestMethodWorker.invokeTestMethods(TestMethodWorker.java:125)\n\tat org.testng.internal.TestMethodWorker.run(TestMethodWorker.java:109)\n\tat org.testng.TestRunner.privateRun(TestRunner.java:648)\n\tat org.testng.TestRunner.run(TestRunner.java:505)\n\tat org.testng.SuiteRunner.runTest(SuiteRunner.java:455)\n\tat org.testng.SuiteRunner.runSequentially(SuiteRunner.java:450)\n\tat org.testng.SuiteRunner.privateRun(SuiteRunner.java:415)\n\tat org.testng.SuiteRunner.run(SuiteRunner.java:364)\n\tat org.testng.SuiteRunnerWorker.runSuite(SuiteRunnerWorker.java:52)\n\tat org.testng.SuiteRunnerWorker.run(SuiteRunnerWorker.java:84)\n\tat org.testng.TestNG.runSuitesSequentially(TestNG.java:1208)\n\tat org.testng.TestNG.runSuitesLocally(TestNG.java:1137)\n\tat org.testng.TestNG.runSuites(TestNG.java:1049)\n\tat org.testng.TestNG.run(TestNG.java:1017)\n\tat org.testng.IDEARemoteTestNG.run(IDEARemoteTestNG.java:73)\n\tat org.testng.RemoteTestNGStarter.main(RemoteTestNGStarter.java:123)\nCaused by: org.openqa.selenium.TimeoutException: Expected condition failed: waiting for io.appium.java_client.pagefactory.AppiumElementLocator$WaitingFunction@44ca15d7 (tried for 1 second(s) with 500 milliseconds interval)\n\tat org.openqa.selenium.support.ui.FluentWait.timeoutException(FluentWait.java:315)\n\tat org.openqa.selenium.support.ui.FluentWait.until(FluentWait.java:283)\n\tat io.appium.java_client.pagefactory.AppiumElementLocator.waitFor(AppiumElementLocator.java:99)\n\tat io.appium.java_client.pagefactory.AppiumElementLocator.findElement(AppiumElementLocator.java:119)\n\t... 28 more\nCaused by: org.openqa.selenium.NoSuchElementException: Cannot locate an element using By.chained({By.id: com.bose.corporation.hypno.qa:id/product_info_container})\nFor documentation on this error, please visit: http://seleniumhq.org/exceptions/no_such_element.html\nBuild info: version: '3.14.0', revision: 'aacccce0', time: '2018-08-02T20:19:58.91Z'\nSystem info: host: 'Divijs-MBP.bose.com', ip: 'fe80:0:0:0:1820:8d55:58d4:64bd%en0', os.name: 'Mac OS X', os.arch: 'x86_64', os.version: '10.13.6', java.version: '1.8.0_192'\nDriver info: driver.version: AndroidDriver\n\tat io.appium.java_client.pagefactory.bys.builder.ByChained.findElement(ByChained.java:74)\n\tat org.openqa.selenium.remote.RemoteWebDriver.findElement(RemoteWebDriver.java:314)\n\tat io.appium.java_client.DefaultGenericMobileDriver.findElement(DefaultGenericMobileDriver.java:58)\n\tat io.appium.java_client.AppiumDriver.findElement(AppiumDriver.java:1)\n\tat io.appium.java_client.android.AndroidDriver.findElement(AndroidDriver.java:1)\n\tat io.appium.java_client.pagefactory.bys.ContentMappedBy.findElement(ContentMappedBy.java:50)\n\tat org.openqa.selenium.remote.RemoteWebDriver.findElement(RemoteWebDriver.java:314)\n\tat io.appium.java_client.DefaultGenericMobileDriver.findElement(DefaultGenericMobileDriver.java:58)\n\tat io.appium.java_client.AppiumDriver.findElement(AppiumDriver.java:1)\n\tat io.appium.java_client.android.AndroidDriver.findElement(AndroidDriver.java:1)\n\tat io.appium.java_client.pagefactory.AppiumElementLocator.lambda$0(AppiumElementLocator.java:120)\n\tat io.appium.java_client.pagefactory.AppiumElementLocator$WaitingFunction.apply(AppiumElementLocator.java:172)\n\tat io.appium.java_client.pagefactory.AppiumElementLocator$WaitingFunction.apply(AppiumElementLocator.java:1)\n\tat org.openqa.selenium.support.ui.FluentWait.until(FluentWait.java:260)\n\t... 30 more\n"},"stage":"finished","description":"Navigating to settings page and validation","steps":[{"name":"tap_checkBox","status":"passed","stage":"finished","steps":[],"attachments":[],"parameters":[],"start":1552419144940,"stop":1552419150698},{"name":"tap_Agree","status":"passed","stage":"finished","steps":[],"attachments":[],"parameters":[],"start":1552419150698,"stop":1552419151380},{"name":"tap_GrantLocationAccesss","status":"passed","stage":"finished","steps":[],"attachments":[],"parameters":[],"start":1552419153523,"stop":1552419154015},{"name":"tap_Allow","status":"passed","stage":"finished","steps":[],"attachments":[],"parameters":[],"start":1552419154015,"stop":1552419155805},{"name":"tap_skipForNow","status":"passed","stage":"finished","steps":[],"attachments":[],"parameters":[],"start":1552419155805,"stop":1552419156531},{"name":"connectSleepbuds","status":"passed","stage":"finished","steps":[],"attachments":[],"parameters":[],"start":1552419156532,"stop":1552419177992},{"name":"tap_startLearning","status":"passed","stage":"finished","steps":[],"attachments":[],"parameters":[],"start":1552419177992,"stop":1552419188178},{"name":"tap_Next","status":"passed","stage":"finished","steps":[],"attachments":[],"parameters":[],"start":1552419217391,"stop":1552419217886},{"name":"tap_Next","status":"passed","stage":"finished","steps":[],"attachments":[],"parameters":[],"start":1552419227911,"stop":1552419228385},{"name":"tap_IUnderstand","status":"passed","stage":"finished","steps":[],"attachments":[],"parameters":[],"start":1552419228385,"stop":1552419229232},{"name":"tap_gotIt","status":"passed","stage":"finished","steps":[],"attachments":[],"parameters":[],"start":1552419229232,"stop":1552419230278},{"name":"Settings_Test","status":"broken","statusDetails":{"known":false,"muted":false,"flaky":false,"message":"Can't locate an element by this strategy: By.chained({By.id: com.bose.corporation.hypno.qa:id/product_info_container})","trace":"org.openqa.selenium.NoSuchElementException: Can't locate an element by this strategy: By.chained({By.id: com.bose.corporation.hypno.qa:id/product_info_container})\n\tat io.appium.java_client.pagefactory.AppiumElementLocator.findElement(AppiumElementLocator.java:126)\n\tat io.appium.java_client.pagefactory.interceptors.InterceptorOfASingleElement.intercept(InterceptorOfASingleElement.java:60)\n\tat io.appium.java_client.android.AndroidElement$$EnhancerByCGLIB$$b598166c.getText(<generated>)\n\tat Com.Bose.Corporation.PageObjects.Settings.SettingsPage.Settings_Test(SettingsPage.java:185)\n\tat Com.Bose.Corporation.AndroidTestSuite.Settings.SettingsPageTest.TC_Settings_C116985(SettingsPageTest.java:49)\n\tat sun.reflect.NativeMethodAccessorImpl.invoke0(Native Method)\n\tat sun.reflect.NativeMethodAccessorImpl.invoke(NativeMethodAccessorImpl.java:62)\n\tat sun.reflect.DelegatingMethodAccessorImpl.invoke(DelegatingMethodAccessorImpl.java:43)\n\tat java.lang.reflect.Method.invoke(Method.java:498)\n\tat org.testng.internal.MethodInvocationHelper.invokeMethod(MethodInvocationHelper.java:124)\n\tat org.testng.internal.Invoker.invokeMethod(Invoker.java:583)\n\tat org.testng.internal.Invoker.invokeTestMethod(Invoker.java:719)\n\tat org.testng.internal.Invoker.invokeTestMethods(Invoker.java:989)\n\tat org.testng.internal.TestMethodWorker.invokeTestMethods(TestMethodWorker.java:125)\n\tat org.testng.internal.TestMethodWorker.run(TestMethodWorker.java:109)\n\tat org.testng.TestRunner.privateRun(TestRunner.java:648)\n\tat org.testng.TestRunner.run(TestRunner.java:505)\n\tat org.testng.SuiteRunner.runTest(SuiteRunner.java:455)\n\tat org.testng.SuiteRunner.runSequentially(SuiteRunner.java:450)\n\tat org.testng.SuiteRunner.privateRun(SuiteRunner.java:415)\n\tat org.testng.SuiteRunner.run(SuiteRunner.java:364)\n\tat org.testng.SuiteRunnerWorker.runSuite(SuiteRunnerWorker.java:52)\n\tat org.testng.SuiteRunnerWorker.run(SuiteRunnerWorker.java:84)\n\tat org.testng.TestNG.runSuitesSequentially(TestNG.java:1208)\n\tat org.testng.TestNG.runSuitesLocally(TestNG.java:1137)\n\tat org.testng.TestNG.runSuites(TestNG.java:1049)\n\tat org.testng.TestNG.run(TestNG.java:1017)\n\tat org.testng.IDEARemoteTestNG.run(IDEARemoteTestNG.java:73)\n\tat org.testng.RemoteTestNGStarter.main(RemoteTestNGStarter.java:123)\nCaused by: org.openqa.selenium.TimeoutException: Expected condition failed: waiting for io.appium.java_client.pagefactory.AppiumElementLocator$WaitingFunction@44ca15d7 (tried for 1 second(s) with 500 milliseconds interval)\n\tat org.openqa.selenium.support.ui.FluentWait.timeoutException(FluentWait.java:315)\n\tat org.openqa.selenium.support.ui.FluentWait.until(FluentWait.java:283)\n\tat io.appium.java_client.pagefactory.AppiumElementLocator.waitFor(AppiumElementLocator.java:99)\n\tat io.appium.java_client.pagefactory.AppiumElementLocator.findElement(AppiumElementLocator.java:119)\n\t... 28 more\nCaused by: org.openqa.selenium.NoSuchElementException: Cannot locate an element using By.chained({By.id: com.bose.corporation.hypno.qa:id/product_info_container})\nFor documentation on this error, please visit: http://seleniumhq.org/exceptions/no_such_element.html\nBuild info: version: '3.14.0', revision: 'aacccce0', time: '2018-08-02T20:19:58.91Z'\nSystem info: host: 'Divijs-MBP.bose.com', ip: 'fe80:0:0:0:1820:8d55:58d4:64bd%en0', os.name: 'Mac OS X', os.arch: 'x86_64', os.version: '10.13.6', java.version: '1.8.0_192'\nDriver info: driver.version: AndroidDriver\n\tat io.appium.java_client.pagefactory.bys.builder.ByChained.findElement(ByChained.java:74)\n\tat org.openqa.selenium.remote.RemoteWebDriver.findElement(RemoteWebDriver.java:314)\n\tat io.appium.java_client.DefaultGenericMobileDriver.findElement(DefaultGenericMobileDriver.java:58)\n\tat io.appium.java_client.AppiumDriver.findElement(AppiumDriver.java:1)\n\tat io.appium.java_client.android.AndroidDriver.findElement(AndroidDriver.java:1)\n\tat io.appium.java_client.pagefactory.bys.ContentMappedBy.findElement(ContentMappedBy.java:50)\n\tat org.openqa.selenium.remote.RemoteWebDriver.findElement(RemoteWebDriver.java:314)\n\tat io.appium.java_client.DefaultGenericMobileDriver.findElement(DefaultGenericMobileDriver.java:58)\n\tat io.appium.java_client.AppiumDriver.findElement(AppiumDriver.java:1)\n\tat io.appium.java_client.android.AndroidDriver.findElement(AndroidDriver.java:1)\n\tat io.appium.java_client.pagefactory.AppiumElementLocator.lambda$0(AppiumElementLocator.java:120)\n\tat io.appium.java_client.pagefactory.AppiumElementLocator$WaitingFunction.apply(AppiumElementLocator.java:172)\n\tat io.appium.java_client.pagefactory.AppiumElementLocator$WaitingFunction.apply(AppiumElementLocator.java:1)\n\tat org.openqa.selenium.support.ui.FluentWait.until(FluentWait.java:260)\n\t... 30 more\n"},"stage":"finished","steps":[],"attachments":[],"parameters":[],"start":1552419232390,"stop":1552419247395}],"attachments":[{"name":"Page Screenshot","source":"24bbae71-e815-41b9-9daa-3870948a14ab-attachment","type":"image/png"},{"name":"(0)","source":"e429d3a6-544e-422c-9b56-7de96fdc3097-attachment","type":"text/plain"}],"parameters":[],"start":1552419144940,"stop":1552419251220,"uuid":"7c174378-834a-472e-a536-176c4779666a","historyId":"a4a60687fc32430bd0cabb1897a2d438","fullName":"Com.Bose.Corporation.AndroidTestSuite.Settings.SettingsPageTest.TC_Settings_C116985","labels":[{"name":"package","value":"Com.Bose.Corporation.AndroidTestSuite.Settings.SettingsPageTest"},{"name":"testClass","value":"Com.Bose.Corporation.AndroidTestSuite.Settings.SettingsPageTest"},{"name":"testMethod","value":"TC_Settings_C116985"},{"name":"parentSuite","value":"Android Regression Suite"},{"name":"suite","value":"SettingsPageTest"},{"name":"subSuite","value":"Com.Bose.Corporation.AndroidTestSuite.Settings.SettingsPageTest"},{"name":"host","value":"Divijs-MBP.bose.com"},{"name":"thread","value":"68119@Divijs-MBP.bose.com.main(1)"},{"name":"framework","value":"testng"},{"name":"language","value":"java"},{"name":"feature","value":"SettingsPage Test"}],"links":[]}